<?xml version="1.0" encoding="UTF-8"?>
<testng-results skipped="0" failed="0" ignored="0" total="1" passed="1">
  <reporter-output>
  </reporter-output>
  <suite name="Surefire suite" duration-ms="4122" started-at="2020-08-22T00:29:35 EDT" finished-at="2020-08-22T00:29:39 EDT">
    <groups>
    </groups>
    <test name="Surefire test" duration-ms="4122" started-at="2020-08-22T00:29:35 EDT" finished-at="2020-08-22T00:29:39 EDT">
      <class name="CertificationProjectSelenium.CertificationProjectSelenium.AppTest">
        <test-method status="PASS" signature="testApp()[pri:0, instance:CertificationProjectSelenium.CertificationProjectSelenium.AppTest@6536e911]" name="testApp" duration-ms="4089" started-at="2020-08-22T00:29:35 EDT" finished-at="2020-08-22T00:29:39 EDT">
          <reporter-output>
          </reporter-output>
        </test-method> <!-- testApp -->
      </class> <!-- CertificationProjectSelenium.CertificationProjectSelenium.AppTest -->
    </test> <!-- Surefire test -->
  </suite> <!-- Surefire suite -->
</testng-results>
